INFO    : Now preparing local server to preview your project directory `/Users/jwjohnson/Documents/P Exam Book`.
INFO    :   (Reminder: use `pretext deploy` to deploy your built project to a public
INFO    :   GitHub Pages site that can be shared with readers who cannot access your
INFO    :   personal computer.)
INFO    : 
INFO    : starting server ...
INFO    : setting up PreTeXt web server ...
WARNING : Couldn't find a port within a reasonable time, stopping search.
WARNING : Port 8200 could not be used.
WARNING : Trying port 8201 instead.

WARNING : Port 8201 could not be used.
WARNING : Trying port 8202 instead.

WARNING : Port 8202 could not be used.
WARNING : Trying port 8203 instead.

WARNING : Port 8203 could not be used.
WARNING : Trying port 8204 instead.

WARNING : Port 8204 could not be used.
WARNING : Trying port 8205 instead.

WARNING : Port 8205 could not be used.
WARNING : Trying port 8206 instead.

WARNING : Port 8206 could not be used.
WARNING : Trying port 8207 instead.

WARNING : Port 8207 could not be used.
WARNING : Trying port 8208 instead.

WARNING : Port 8208 could not be used.
WARNING : Trying port 8209 instead.

WARNING : Port 8209 could not be used.
WARNING : Trying port 8210 instead.

INFO    : Added pretext web server entry 87de41480a 6288 8210 localhost

INFO    : Server will soon be available at http://localhost:8210
INFO    : Opening browser for target `web` at http://localhost:8210/output/web
