INFO    : Building target print
INFO    : XSL conversion of /Users/jwjohnson/Documents/P Exam Book/source/main.ptx by /Users/jwjohnson/.ptx/2.41.0/core/xsl/utilities/pretext-enhanced-source.xsl
INFO    : successful application of /Users/jwjohnson/.ptx/2.41.0/core/xsl/utilities/pretext-enhanced-source.xsl
INFO    : Generating any needed assets.
INFO    : Finished generating assets.

INFO    : Preparing to build into /Users/jwjohnson/Documents/P Exam Book/output/print.
INFO    : discovering source file's directory name: /Users/jwjohnson/Documents/P Exam Book/source
INFO    : verifying and expanding input directory: /Users/jwjohnson/Documents/P Exam Book/source/../generated-assets
INFO    : input directory expanded to absolute path: /Users/jwjohnson/Documents/P Exam Book/generated-assets
INFO    : verifying and expanding input directory: /Users/jwjohnson/Documents/P Exam Book/source/../assets
INFO    : input directory expanded to absolute path: /Users/jwjohnson/Documents/P Exam Book/assets
INFO    : discovering source file's directory name: /Users/jwjohnson/Documents/P Exam Book/source
INFO    : XSL conversion of /Users/jwjohnson/Documents/P Exam Book/source/main.ptx by /Users/jwjohnson/.ptx/2.41.0/core/xsl/utilities/report-publisher-variables.xsl
INFO    : successful application of /Users/jwjohnson/.ptx/2.41.0/core/xsl/utilities/report-publisher-variables.xsl
INFO    : converting /Users/jwjohnson/Documents/P Exam Book/source/main.ptx to LaTeX as /var/folders/tk/zff0dh8543lcc33mm1dc6sb40000gn/T/ptx-8jt9kywl/main.tex
INFO    : XSL conversion of /Users/jwjohnson/Documents/P Exam Book/source/main.ptx by /Users/jwjohnson/.ptx/2.41.0/core/xsl/pretext-latex.xsl
INFO    : messages from the log for XSL processing:
WARNING : * PTX:WARNING: In a section containing subsections, any content that is not inside a subsection needs to be inside an <introduction> and/or  <conclusion>.
INFO    : *              located at: pretext/book/chapter/section
INFO    : *              located within: "section-1-1" (xml:id), "Solving Quadratic Equations the 20th Century Way" (title)
INFO    : * PTX:INFO:   checking all deprecated elements.
WARNING : * PTX:DEPRECATE: (2023-10-17) the "docinfo/latex-preamble" element no longer has a purpose.  Remove the element and adjust any contained "package" elements.  Then this warning will cease. (1 time)
INFO    : *              located at: pretext/docinfo/latex-preamble
INFO    : * --------------
INFO    : successful application of /Users/jwjohnson/.ptx/2.41.0/core/xsl/pretext-latex.xsl
INFO    : XSL conversion of /Users/jwjohnson/Documents/P Exam Book/source/main.ptx by /Users/jwjohnson/.ptx/2.41.0/core/xsl/utilities/report-publisher-variables.xsl
INFO    : successful application of /Users/jwjohnson/.ptx/2.41.0/core/xsl/utilities/report-publisher-variables.xsl
INFO    : Rerunning LaTeX for main.tex (pass 2)
INFO    : Removing temporary directory /var/folders/tk/zff0dh8543lcc33mm1dc6sb40000gn/T/ptx-8jt9kywl
INFO    : Removing temporary directory /var/folders/tk/zff0dh8543lcc33mm1dc6sb40000gn/T/ptx-mda5vms5
INFO    : Removing temporary directory /var/folders/tk/zff0dh8543lcc33mm1dc6sb40000gn/T/ptx-ssrdshnp
INFO    : 
Finished build for target print. The output is in /Users/jwjohnson/Documents/P Exam Book/output/print.

INFO    : 
Success!  Built requested target(s) without errors.

INFO    : 
