INFO    : Building target print
INFO    : XSL conversion of /Users/jwjohnson/Documents/P Exam Book/source/main.ptx by /Users/jwjohnson/.ptx/2.41.0/core/xsl/utilities/pretext-enhanced-source.xsl
INFO    : successful application of /Users/jwjohnson/.ptx/2.41.0/core/xsl/utilities/pretext-enhanced-source.xsl
INFO    : Generating any needed assets.
INFO    : Finished generating assets.

INFO    : Building with custom xsl /Users/jwjohnson/Documents/P Exam Book/xsl/latex-custom.xsl
INFO    : Preparing to build into /Users/jwjohnson/Documents/P Exam Book/output/print.
INFO    : discovering source file's directory name: /Users/jwjohnson/Documents/P Exam Book/source
INFO    : verifying and expanding input directory: /Users/jwjohnson/Documents/P Exam Book/source/../generated-assets
INFO    : input directory expanded to absolute path: /Users/jwjohnson/Documents/P Exam Book/generated-assets
INFO    : verifying and expanding input directory: /Users/jwjohnson/Documents/P Exam Book/source/../assets
INFO    : input directory expanded to absolute path: /Users/jwjohnson/Documents/P Exam Book/assets
INFO    : discovering source file's directory name: /Users/jwjohnson/Documents/P Exam Book/source
INFO    : XSL conversion of /Users/jwjohnson/Documents/P Exam Book/source/main.ptx by /Users/jwjohnson/.ptx/2.41.0/core/xsl/utilities/report-publisher-variables.xsl
INFO    : successful application of /Users/jwjohnson/.ptx/2.41.0/core/xsl/utilities/report-publisher-variables.xsl
INFO    : converting /Users/jwjohnson/Documents/P Exam Book/source/main.ptx to LaTeX as /var/folders/tk/zff0dh8543lcc33mm1dc6sb40000gn/T/ptx-o9mch28b/main.tex
INFO    : XSL conversion of /Users/jwjohnson/Documents/P Exam Book/source/main.ptx by /var/folders/tk/zff0dh8543lcc33mm1dc6sb40000gn/T/ptxcli_6bzm2a3p/cli_xsl/latex-custom.xsl
INFO    : successful application of /var/folders/tk/zff0dh8543lcc33mm1dc6sb40000gn/T/ptxcli_6bzm2a3p/cli_xsl/latex-custom.xsl
CRITICAL: PTX:ERROR: the stylesheet: /var/folders/tk/zff0dh8543lcc33mm1dc6sb40000gn/T/ptxcli_6bzm2a3p/cli_xsl/latex-custom.xsl
has a problem with xsl:output/@encoding.
The lxml error message is:
"unknown encoding: ''"
INFO    : ------------------------
CRITICAL: Failed to build without errors.  Exiting...
INFO    : 
----------------------------------------------------
INFO    : While running pretext, the following errors occurred:

INFO    : (see log messages above or in the 'logs' folder for more information)
INFO    : ----------------------------------------------------
