INFO    : Generating any needed assets.
INFO    : XSL conversion of /Users/jwjohnson/Documents/P Exam Book/source/main.ptx by /Users/jwjohnson/.ptx/2.41.0/core/xsl/utilities/pretext-enhanced-source.xsl
INFO    : successful application of /Users/jwjohnson/.ptx/2.41.0/core/xsl/utilities/pretext-enhanced-source.xsl
INFO    : XSL conversion of /Users/jwjohnson/Documents/P Exam Book/source/main.ptx by /Users/jwjohnson/.ptx/2.41.0/core/xsl/utilities/pretext-enhanced-source.xsl
INFO    : successful application of /Users/jwjohnson/.ptx/2.41.0/core/xsl/utilities/pretext-enhanced-source.xsl
INFO    : Generating any needed assets.
INFO    : string parameters passed to extraction stylesheet: {'publisher': '/Users/jwjohnson/Documents/P Exam Book/publication/publication.ptx'}
INFO    : discovering source file's directory name: /Users/jwjohnson/Documents/P Exam Book/source
INFO    : verifying and expanding input directory: /Users/jwjohnson/Documents/P Exam Book/source/../generated-assets
INFO    : input directory expanded to absolute path: /Users/jwjohnson/Documents/P Exam Book/generated-assets
INFO    : verifying and expanding input directory: /Users/jwjohnson/Documents/P Exam Book/source/../assets
INFO    : input directory expanded to absolute path: /Users/jwjohnson/Documents/P Exam Book/assets
INFO    : XSL conversion of /Users/jwjohnson/Documents/P Exam Book/source/main.ptx by /Users/jwjohnson/.ptx/2.41.0/core/xsl/extract-pg.xsl
INFO    : successful application of /Users/jwjohnson/.ptx/2.41.0/core/xsl/extract-pg.xsl
INFO    : XSL conversion of /Users/jwjohnson/Documents/P Exam Book/source/main.ptx by /Users/jwjohnson/.ptx/2.41.0/core/xsl/pretext-ww-problem-sets.xsl
INFO    : messages from the log for XSL processing:
WARNING : * PTX:WARNING: In a section containing subsections, any content that is not inside a subsection needs to be inside an <introduction> and/or  <conclusion>.
INFO    : *              located at: pretext/book/chapter/section
INFO    : *              located within: "section-1-1" (xml:id), "Solving Quadratic Equations the 20th Century Way" (title)
INFO    : successful application of /Users/jwjohnson/.ptx/2.41.0/core/xsl/pretext-ww-problem-sets.xsl
INFO    : XSL conversion of /Users/jwjohnson/Documents/P Exam Book/source/main.ptx by /Users/jwjohnson/.ptx/2.41.0/core/xsl/support/pretext-pg-macros.xsl
INFO    : successful application of /Users/jwjohnson/.ptx/2.41.0/core/xsl/support/pretext-pg-macros.xsl
INFO    : validating, cleaning server URL: https://webwork-ptx.aimath.org/webwork2
ERROR   : Unable to generate webwork.  If you already have a webwork-representations.xml file, this might result in unpredictable behavior.
WARNING : PTX:ERROR:   There was a problem contacting the WeBWorK server.
Expecting value: line 1 column 1 (char 0)
INFO    : Removing temporary directory /var/folders/tk/zff0dh8543lcc33mm1dc6sb40000gn/T/ptx-pjfvetwr
INFO    : Removing temporary directory /var/folders/tk/zff0dh8543lcc33mm1dc6sb40000gn/T/ptx-1ezlc8b5
INFO    : Finished generating assets.

INFO    : string parameters passed to extraction stylesheet: {'publisher': '/Users/jwjohnson/Documents/P Exam Book/publication/publication.ptx'}
INFO    : discovering source file's directory name: /Users/jwjohnson/Documents/P Exam Book/source
INFO    : verifying and expanding input directory: /Users/jwjohnson/Documents/P Exam Book/source/../generated-assets
INFO    : input directory expanded to absolute path: /Users/jwjohnson/Documents/P Exam Book/generated-assets
INFO    : verifying and expanding input directory: /Users/jwjohnson/Documents/P Exam Book/source/../assets
INFO    : input directory expanded to absolute path: /Users/jwjohnson/Documents/P Exam Book/assets
INFO    : XSL conversion of /Users/jwjohnson/Documents/P Exam Book/source/main.ptx by /Users/jwjohnson/.ptx/2.41.0/core/xsl/extract-pg.xsl
INFO    : successful application of /Users/jwjohnson/.ptx/2.41.0/core/xsl/extract-pg.xsl
INFO    : XSL conversion of /Users/jwjohnson/Documents/P Exam Book/source/main.ptx by /Users/jwjohnson/.ptx/2.41.0/core/xsl/pretext-ww-problem-sets.xsl
INFO    : messages from the log for XSL processing:
WARNING : * PTX:WARNING: In a section containing subsections, any content that is not inside a subsection needs to be inside an <introduction> and/or  <conclusion>.
INFO    : *              located at: pretext/book/chapter/section
INFO    : *              located within: "section-1-1" (xml:id), "Solving Quadratic Equations the 20th Century Way" (title)
INFO    : successful application of /Users/jwjohnson/.ptx/2.41.0/core/xsl/pretext-ww-problem-sets.xsl
INFO    : XSL conversion of /Users/jwjohnson/Documents/P Exam Book/source/main.ptx by /Users/jwjohnson/.ptx/2.41.0/core/xsl/support/pretext-pg-macros.xsl
INFO    : successful application of /Users/jwjohnson/.ptx/2.41.0/core/xsl/support/pretext-pg-macros.xsl
INFO    : validating, cleaning server URL: https://webwork-ptx.aimath.org/webwork2
ERROR   : Unable to generate webwork.  If you already have a webwork-representations.xml file, this might result in unpredictable behavior.
WARNING : PTX:ERROR:   There was a problem contacting the WeBWorK server.
Expecting value: line 1 column 1 (char 0)
INFO    : Removing temporary directory /var/folders/tk/zff0dh8543lcc33mm1dc6sb40000gn/T/ptx-tcd0u27h
INFO    : Removing temporary directory /var/folders/tk/zff0dh8543lcc33mm1dc6sb40000gn/T/ptx-k8ks4lw_
INFO    : Finished generating assets.

CRITICAL: There were errors during the generate process.  See above.
INFO    : ------------------------
CRITICAL: Generating assets as failed.  Exiting...
INFO    : 
----------------------------------------------------
INFO    : While running pretext, the following errors occurred:

INFO    : (see log messages above or in the 'logs' folder for more information)
INFO    : ----------------------------------------------------
