INFO    : Generating any needed assets.
INFO    : XSL conversion of /Users/jwjohnson/Documents/P Exam Book/source/main.ptx by /Users/jwjohnson/.ptx/2.41.0/core/xsl/utilities/pretext-enhanced-source.xsl
INFO    : successful application of /Users/jwjohnson/.ptx/2.41.0/core/xsl/utilities/pretext-enhanced-source.xsl
INFO    : XSL conversion of /Users/jwjohnson/Documents/P Exam Book/source/main.ptx by /Users/jwjohnson/.ptx/2.41.0/core/xsl/utilities/pretext-enhanced-source.xsl
INFO    : successful application of /Users/jwjohnson/.ptx/2.41.0/core/xsl/utilities/pretext-enhanced-source.xsl
INFO    : Generating any needed assets.
INFO    : string parameters passed to extraction stylesheet: {'publisher': '/Users/jwjohnson/Documents/P Exam Book/publication/publication.ptx'}
INFO    : discovering source file's directory name: /Users/jwjohnson/Documents/P Exam Book/source
INFO    : verifying and expanding input directory: /Users/jwjohnson/Documents/P Exam Book/source/../generated-assets
INFO    : input directory expanded to absolute path: /Users/jwjohnson/Documents/P Exam Book/generated-assets
INFO    : verifying and expanding input directory: /Users/jwjohnson/Documents/P Exam Book/source/../assets
INFO    : input directory expanded to absolute path: /Users/jwjohnson/Documents/P Exam Book/assets
INFO    : XSL conversion of /Users/jwjohnson/Documents/P Exam Book/source/main.ptx by /Users/jwjohnson/.ptx/2.41.0/core/xsl/extract-pg.xsl
INFO    : successful application of /Users/jwjohnson/.ptx/2.41.0/core/xsl/extract-pg.xsl
INFO    : XSL conversion of /Users/jwjohnson/Documents/P Exam Book/source/main.ptx by /Users/jwjohnson/.ptx/2.41.0/core/xsl/pretext-ww-problem-sets.xsl
INFO    : messages from the log for XSL processing:
WARNING : * PTX:WARNING: In a section containing subsections, any content that is not inside a subsection needs to be inside an <introduction> and/or  <conclusion>.
INFO    : *              located at: pretext/book/chapter/section
INFO    : *              located within: "section-1-1" (xml:id), "Solving Quadratic Equations the 20th Century Way" (title)
WARNING : * PTX:WARNING: In a section containing subsections, any content that is not inside a subsection needs to be inside an <introduction> and/or  <conclusion>.
INFO    : *              located at: pretext/book/chapter/section
INFO    : *              located within: "section-1-2" (xml:id), "Inverse Functions" (title)
INFO    : successful application of /Users/jwjohnson/.ptx/2.41.0/core/xsl/pretext-ww-problem-sets.xsl
INFO    : XSL conversion of /Users/jwjohnson/Documents/P Exam Book/source/main.ptx by /Users/jwjohnson/.ptx/2.41.0/core/xsl/support/pretext-pg-macros.xsl
INFO    : successful application of /Users/jwjohnson/.ptx/2.41.0/core/xsl/support/pretext-pg-macros.xsl
INFO    : validating, cleaning server URL: https://webwork-ptx.aimath.org
INFO    : building representations of generated WeBWorK problem
INFO    : sending ex-1-1-1 to server to save in /Users/jwjohnson/Documents/P Exam Book/generated-assets/webwork: origin is 'generated'
INFO    : building representations of generated WeBWorK problem
INFO    : sending ex-1-1-2 to server to save in /Users/jwjohnson/Documents/P Exam Book/generated-assets/webwork: origin is 'generated'
INFO    : building representations of generated WeBWorK problem
INFO    : sending ex-1-1-3 to server to save in /Users/jwjohnson/Documents/P Exam Book/generated-assets/webwork: origin is 'generated'
INFO    : building representations of generated WeBWorK problem
INFO    : sending ex-1-1-4 to server to save in /Users/jwjohnson/Documents/P Exam Book/generated-assets/webwork: origin is 'generated'
INFO    : building representations of generated WeBWorK problem
INFO    : sending ex-1-1-5 to server to save in /Users/jwjohnson/Documents/P Exam Book/generated-assets/webwork: origin is 'generated'
INFO    : building representations of generated WeBWorK problem
INFO    : sending ex-function-true-false-checkboxes to server to save in /Users/jwjohnson/Documents/P Exam Book/generated-assets/webwork: origin is 'generated'
ERROR   : PTX:ERROR: WeBWorK problem Probability_for_Future_Actuaries/1_2_10-True_statements_about_functions.pg with seed 6 is either empty or failed to compile  
  Use -a to halt with full PG and returned content

INFO    : Removing temporary directory /var/folders/tk/zff0dh8543lcc33mm1dc6sb40000gn/T/ptx-eos70n5f
INFO    : Removing temporary directory /var/folders/tk/zff0dh8543lcc33mm1dc6sb40000gn/T/ptx-nqwqz1sf
INFO    : Finished generating assets.

INFO    : string parameters passed to extraction stylesheet: {'publisher': '/Users/jwjohnson/Documents/P Exam Book/publication/publication.ptx'}
INFO    : discovering source file's directory name: /Users/jwjohnson/Documents/P Exam Book/source
INFO    : verifying and expanding input directory: /Users/jwjohnson/Documents/P Exam Book/source/../generated-assets
INFO    : input directory expanded to absolute path: /Users/jwjohnson/Documents/P Exam Book/generated-assets
INFO    : verifying and expanding input directory: /Users/jwjohnson/Documents/P Exam Book/source/../assets
INFO    : input directory expanded to absolute path: /Users/jwjohnson/Documents/P Exam Book/assets
INFO    : XSL conversion of /Users/jwjohnson/Documents/P Exam Book/source/main.ptx by /Users/jwjohnson/.ptx/2.41.0/core/xsl/extract-pg.xsl
INFO    : successful application of /Users/jwjohnson/.ptx/2.41.0/core/xsl/extract-pg.xsl
INFO    : XSL conversion of /Users/jwjohnson/Documents/P Exam Book/source/main.ptx by /Users/jwjohnson/.ptx/2.41.0/core/xsl/pretext-ww-problem-sets.xsl
INFO    : messages from the log for XSL processing:
WARNING : * PTX:WARNING: In a section containing subsections, any content that is not inside a subsection needs to be inside an <introduction> and/or  <conclusion>.
INFO    : *              located at: pretext/book/chapter/section
INFO    : *              located within: "section-1-1" (xml:id), "Solving Quadratic Equations the 20th Century Way" (title)
WARNING : * PTX:WARNING: In a section containing subsections, any content that is not inside a subsection needs to be inside an <introduction> and/or  <conclusion>.
INFO    : *              located at: pretext/book/chapter/section
INFO    : *              located within: "section-1-2" (xml:id), "Inverse Functions" (title)
INFO    : successful application of /Users/jwjohnson/.ptx/2.41.0/core/xsl/pretext-ww-problem-sets.xsl
INFO    : XSL conversion of /Users/jwjohnson/Documents/P Exam Book/source/main.ptx by /Users/jwjohnson/.ptx/2.41.0/core/xsl/support/pretext-pg-macros.xsl
INFO    : successful application of /Users/jwjohnson/.ptx/2.41.0/core/xsl/support/pretext-pg-macros.xsl
INFO    : validating, cleaning server URL: https://webwork-ptx.aimath.org
INFO    : building representations of generated WeBWorK problem
INFO    : sending ex-1-1-1 to server to save in /Users/jwjohnson/Documents/P Exam Book/generated-assets/webwork: origin is 'generated'
INFO    : building representations of generated WeBWorK problem
INFO    : sending ex-1-1-2 to server to save in /Users/jwjohnson/Documents/P Exam Book/generated-assets/webwork: origin is 'generated'
INFO    : building representations of generated WeBWorK problem
INFO    : sending ex-1-1-3 to server to save in /Users/jwjohnson/Documents/P Exam Book/generated-assets/webwork: origin is 'generated'
INFO    : building representations of generated WeBWorK problem
INFO    : sending ex-1-1-4 to server to save in /Users/jwjohnson/Documents/P Exam Book/generated-assets/webwork: origin is 'generated'
INFO    : building representations of generated WeBWorK problem
INFO    : sending ex-1-1-5 to server to save in /Users/jwjohnson/Documents/P Exam Book/generated-assets/webwork: origin is 'generated'
INFO    : building representations of generated WeBWorK problem
INFO    : sending ex-function-true-false-checkboxes to server to save in /Users/jwjohnson/Documents/P Exam Book/generated-assets/webwork: origin is 'generated'
ERROR   : PTX:ERROR: WeBWorK problem Probability_for_Future_Actuaries/1_2_10-True_statements_about_functions.pg with seed 6 is either empty or failed to compile  
  Use -a to halt with full PG and returned content

WARNING : Now generating latex images
INFO    : converting latex-image pictures from /Users/jwjohnson/Documents/P Exam Book/source/main.ptx to svg graphics for placement in /Users/jwjohnson/Documents/P Exam Book/generated-assets/latex-image
INFO    : extracting latex-image pictures from /Users/jwjohnson/Documents/P Exam Book/source/main.ptx
INFO    : string parameters passed to extraction stylesheet: {'publisher': '/Users/jwjohnson/Documents/P Exam Book/publication/publication.ptx'}
INFO    : discovering source file's directory name: /Users/jwjohnson/Documents/P Exam Book/source
INFO    : verifying and expanding input directory: /Users/jwjohnson/Documents/P Exam Book/source/../generated-assets
INFO    : input directory expanded to absolute path: /Users/jwjohnson/Documents/P Exam Book/generated-assets
INFO    : verifying and expanding input directory: /Users/jwjohnson/Documents/P Exam Book/source/../assets
INFO    : input directory expanded to absolute path: /Users/jwjohnson/Documents/P Exam Book/assets
INFO    : discovering source file's directory name: /Users/jwjohnson/Documents/P Exam Book/source
INFO    : XSL conversion of /Users/jwjohnson/Documents/P Exam Book/source/main.ptx by /Users/jwjohnson/.ptx/2.41.0/core/xsl/extract-latex-image.xsl
INFO    : messages from the log for XSL processing:
WARNING : * PTX:WARNING:   the WeBWorK problem with @assembly-id "ex-function-true-false-checkboxes" has a stored "compile" failure recorded when the WeBWorK representations were last generated.  A placeholder is being rendered in its place.  Re-generate the WeBWorK representations (and watch for errors) to retry.
INFO    : successful application of /Users/jwjohnson/.ptx/2.41.0/core/xsl/extract-latex-image.xsl
INFO    : Removing temporary directory /var/folders/tk/zff0dh8543lcc33mm1dc6sb40000gn/T/ptx-ekokrl81
INFO    : Removing temporary directory /var/folders/tk/zff0dh8543lcc33mm1dc6sb40000gn/T/ptx-y1whb5lm
INFO    : Removing temporary directory /var/folders/tk/zff0dh8543lcc33mm1dc6sb40000gn/T/ptx-o5g_kotu
INFO    : Finished generating assets.

CRITICAL: There were errors during the generate process.  See above.
INFO    : ------------------------
CRITICAL: Generating assets as failed.  Exiting...
INFO    : 
----------------------------------------------------
INFO    : While running pretext, the following errors occurred:

INFO    : (see log messages above or in the 'logs' folder for more information)
INFO    : ----------------------------------------------------
